
****** Vivado(TM) HLS - High-Level Synthesis from C, C++ and SystemC v2017.4 (64-bit)
  **** SW Build 2086221 on Fri Dec 15 20:55:39 MST 2017
  **** IP Build 2085800 on Fri Dec 15 22:25:07 MST 2017
    ** Copyright 1986-2017 Xilinx, Inc. All Rights Reserved.

source C:/Xilinx/Vivado/2017.4/scripts/vivado_hls/hls.tcl -notrace
INFO: Applying HLS Y2K22 patch v1.2 for IP revision
INFO: [HLS 200-10] Running 'C:/Xilinx/Vivado/2017.4/bin/unwrapped/win64.o/vivado_hls.exe'
INFO: [HLS 200-10] For user 'usr' on host 'desktop-oik79p6' (Windows NT_amd64 version 6.2) on Tue Jul 08 16:18:38 +0200 2025
INFO: [HLS 200-10] In directory 'D:/work/vivado/pynq/barrel_distortion_correction'
INFO: [HLS 200-10] Opening project 'D:/work/vivado/pynq/barrel_distortion_correction/hls_brl_corr'.
INFO: [HLS 200-10] Opening solution 'D:/work/vivado/pynq/barrel_distortion_correction/hls_brl_corr/sln1'.
INFO: [SYN 201-201] Setting up clock 'default' with a period of 8.334ns.
INFO: [HLS 200-10] Setting target device to 'xc7z020clg400-1'
WARNING: [HLS 200-40] Cannot find design file 'src/brl_corr_hls.cpp'
WARNING: [HLS 200-40] Cannot find test bench file 'src/brl_corr_hls_tb.cpp'
WARNING: [HLS 200-40] Cannot find design file 'src/brl_corr_hls.h'
INFO: [SIM 211-2] *************** CSIM start ***************
INFO: [SIM 211-4] CSIM will launch GCC as the compiler.
make: `csim.exe' is up to date.
=== Barrel Distortion Correction Test ===
Image dimensions: 128x100
Expected input file: ../../../src/img_in/img_128x100_in.txt
Output file: ../../../src/img_out/img_128x100_out.txt
Reading image from: ../../../src/img_in/img_128x100_in.txt
Successfully read 12800 pixels
Starting barrel correction...
Barrel correction completed!
Writing image to: ../../../src/img_out/img_128x100_out.txt
Successfully wrote 12800 pixels
Output saved successfully!

=== Statistics ===
Input center pixel: 255
Output center pixel: 255
Input average: 156
Output average: 149
INFO: [SIM 211-1] CSim done with 0 errors.
INFO: [SIM 211-3] *************** CSIM finish ***************
INFO: [Common 17-206] Exiting vivado_hls at Tue Jul  8 16:18:40 2025...
