INFO: [SIM 2] *************** CSIM start ***************
INFO: [SIM 4] CSIM will launch GCC as the compiler.
   Compiling ../../../src/brl_corr_hls_tb.cpp in debug mode
   Compiling ../../../src/brl_corr_hls.cpp in debug mode
In file included from C:/Xilinx/Vivado/2017.4/include/floating_point_v7_0_bitacc_cmodel.h:143:0,
                 from C:/Xilinx/Vivado/2017.4/include/hls_fpo.h:172,
                 from C:/Xilinx/Vivado/2017.4/include/hls_half.h:57,
                 from C:/Xilinx/Vivado/2017.4/include/ap_int.h:74,
                 from C:/Xilinx/Vivado/2017.4/include/ap_axi_sdata.h:86,
                 from C:/Xilinx/Vivado/2017.4/include/hls/hls_axi_io.h:39,
                 from C:/Xilinx/Vivado/2017.4/include/hls_video.h:48,
                 from ../../../src/brl_corr_hls.h:5,
                 from ../../../src/brl_corr_hls_tb.cpp:1:
C:/Xilinx/Vivado/2017.4/include/gmp.h:62:0: warning: "__GMP_LIBGMP_DLL" redefined [enabled by default]
C:/Xilinx/Vivado/2017.4/include/floating_point_v7_0_bitacc_cmodel.h:135:0: note: this is the location of the previous definition
In file included from C:/Xilinx/Vivado/2017.4/include/floating_point_v7_0_bitacc_cmodel.h:143:0,
                 from C:/Xilinx/Vivado/2017.4/include/hls_fpo.h:172,
                 from C:/Xilinx/Vivado/2017.4/include/hls_half.h:57,
                 from C:/Xilinx/Vivado/2017.4/include/ap_int.h:74,
                 from C:/Xilinx/Vivado/2017.4/include/ap_axi_sdata.h:86,
                 from C:/Xilinx/Vivado/2017.4/include/hls/hls_axi_io.h:39,
                 from C:/Xilinx/Vivado/2017.4/include/hls_video.h:48,
                 from ../../../src/brl_corr_hls.h:5,
                 from ../../../src/brl_corr_hls.cpp:1:
C:/Xilinx/Vivado/2017.4/include/gmp.h:62:0: warning: "__GMP_LIBGMP_DLL" redefined [enabled by default]
C:/Xilinx/Vivado/2017.4/include/floating_point_v7_0_bitacc_cmodel.h:135:0: note: this is the location of the previous definition
../../../src/brl_corr_hls.cpp: In function 'void barrel_correction_accel(AXI_STREAM&, AXI_STREAM&, int, int, float, float)':
../../../src/brl_corr_hls.cpp:26:36: error: ambiguous overload for 'operator/' in 'ap_fixed<24, 10>(width) / 2.0e+0'
../../../src/brl_corr_hls.cpp:26:36: note: candidates are:
../../../src/brl_corr_hls.cpp:26:36: note: operator/(long double, double) <built-in>
../../../src/brl_corr_hls.cpp:26:36: note: operator/(double, double) <built-in>
../../../src/brl_corr_hls.cpp:26:36: note: operator/(float, double) <built-in>
../../../src/brl_corr_hls.cpp:26:36: note: operator/(int, double) <built-in>
../../../src/brl_corr_hls.cpp:26:36: note: operator/(unsigned int, double) <built-in>
../../../src/brl_corr_hls.cpp:26:36: note: operator/(long int, double) <built-in>
../../../src/brl_corr_hls.cpp:26:36: note: operator/(long unsigned int, double) <built-in>
../../../src/brl_corr_hls.cpp:26:36: note: operator/(long long unsigned int, double) <built-in>
../../../src/brl_corr_hls.cpp:26:36: note: operator/(long long int, double) <built-in>
C:/Xilinx/Vivado/2017.4/include/etc/ap_fixed_sim.h:2767:1: note: typename ap_fixed_base<_AP_W, _AP_I, _AP_S>::RType<1, 1, false>::div operator/(const ap_fixed_base<_AP_W, _AP_I, _AP_S, _AP_Q, _AP_O, _AP_N>&, bool) [with int _AP_W = 24, int _AP_I = 10, bool _AP_S = true, ap_q_mode _AP_Q = (ap_q_mode)5u, ap_o_mode _AP_O = (ap_o_mode)3u, int _AP_N = 0, typename ap_fixed_base<_AP_W, _AP_I, _AP_S>::RType<1, 1, false>::div = ap_fixed_base<24, 10, true, (ap_q_mode)5u, (ap_o_mode)3u, 0>]
C:/Xilinx/Vivado/2017.4/include/etc/ap_fixed_sim.h:2768:1: note: typename ap_fixed_base<_AP_W, _AP_I, _AP_S>::RType<8, 8, true>::div operator/(const ap_fixed_base<_AP_W, _AP_I, _AP_S, _AP_Q, _AP_O, _AP_N>&, char) [with int _AP_W = 24, int _AP_I = 10, bool _AP_S = true, ap_q_mode _AP_Q = (ap_q_mode)5u, ap_o_mode _AP_O = (ap_o_mode)3u, int _AP_N = 0, typename ap_fixed_base<_AP_W, _AP_I, _AP_S>::RType<8, 8, true>::div = ap_fixed_base<25, 11, true, (ap_q_mode)5u, (ap_o_mode)3u, 0>]
C:/Xilinx/Vivado/2017.4/include/etc/ap_fixed_sim.h:2769:1: note: typename ap_fixed_base<_AP_W, _AP_I, _AP_S>::RType<8, 8, true>::div operator/(const ap_fixed_base<_AP_W, _AP_I, _AP_S, _AP_Q, _AP_O, _AP_N>&, signed char) [with int _AP_W = 24, int _AP_I = 10, bool _AP_S = true, ap_q_mode _AP_Q = (ap_q_mode)5u, ap_o_mode _AP_O = (ap_o_mode)3u, int _AP_N = 0, typename ap_fixed_base<_AP_W, _AP_I, _AP_S>::RType<8, 8, true>::div = ap_fixed_base<25, 11, true, (ap_q_mode)5u, (ap_o_mode)3u, 0>]
C:/Xilinx/Vivado/2017.4/include/etc/ap_fixed_sim.h:2770:1: note: typename ap_fixed_base<_AP_W, _AP_I, _AP_S>::RType<8, 8, false>::div operator/(const ap_fixed_base<_AP_W, _AP_I, _AP_S, _AP_Q, _AP_O, _AP_N>&, unsigned char) [with int _AP_W = 24, int _AP_I = 10, bool _AP_S = true, ap_q_mode _AP_Q = (ap_q_mode)5u, ap_o_mode _AP_O = (ap_o_mode)3u, int _AP_N = 0, typename ap_fixed_base<_AP_W, _AP_I, _AP_S>::RType<8, 8, false>::div = ap_fixed_base<24, 10, true, (ap_q_mode)5u, (ap_o_mode)3u, 0>]
C:/Xilinx/Vivado/2017.4/include/etc/ap_fixed_sim.h:2771:1: note: typename ap_fixed_base<_AP_W, _AP_I, _AP_S>::RType<16, 16, true>::div operator/(const ap_fixed_base<_AP_W, _AP_I, _AP_S, _AP_Q, _AP_O, _AP_N>&, short int) [with int _AP_W = 24, int _AP_I = 10, bool _AP_S = true, ap_q_mode _AP_Q = (ap_q_mode)5u, ap_o_mode _AP_O = (ap_o_mode)3u, int _AP_N = 0, typename ap_fixed_base<_AP_W, _AP_I, _AP_S>::RType<16, 16, true>::div = ap_fixed_base<25, 11, true, (ap_q_mode)5u, (ap_o_mode)3u, 0>]
C:/Xilinx/Vivado/2017.4/include/etc/ap_fixed_sim.h:2772:1: note: typename ap_fixed_base<_AP_W, _AP_I, _AP_S>::RType<16, 16, false>::div operator/(const ap_fixed_base<_AP_W, _AP_I, _AP_S, _AP_Q, _AP_O, _AP_N>&, short unsigned int) [with int _AP_W = 24, int _AP_I = 10, bool _AP_S = true, ap_q_mode _AP_Q = (ap_q_mode)5u, ap_o_mode _AP_O = (ap_o_mode)3u, int _AP_N = 0, typename ap_fixed_base<_AP_W, _AP_I, _AP_S>::RType<16, 16, false>::div = ap_fixed_base<24, 10, true, (ap_q_mode)5u, (ap_o_mode)3u, 0>]
C:/Xilinx/Vivado/2017.4/include/etc/ap_fixed_sim.h:2773:1: note: typename ap_fixed_base<_AP_W, _AP_I, _AP_S>::RType<32, 32, true>::div operator/(const ap_fixed_base<_AP_W, _AP_I, _AP_S, _AP_Q, _AP_O, _AP_N>&, int) [with int _AP_W = 24, int _AP_I = 10, bool _AP_S = true, ap_q_mode _AP_Q = (ap_q_mode)5u, ap_o_mode _AP_O = (ap_o_mode)3u, int _AP_N = 0, typename ap_fixed_base<_AP_W, _AP_I, _AP_S>::RType<32, 32, true>::div = ap_fixed_base<25, 11, true, (ap_q_mode)5u, (ap_o_mode)3u, 0>]
C:/Xilinx/Vivado/2017.4/include/etc/ap_fixed_sim.h:2774:1: note: typename ap_fixed_base<_AP_W, _AP_I, _AP_S>::RType<32, 32, false>::div operator/(const ap_fixed_base<_AP_W, _AP_I, _AP_S, _AP_Q, _AP_O, _AP_N>&, unsigned int) [with int _AP_W = 24, int _AP_I = 10, bool _AP_S = true, ap_q_mode _AP_Q = (ap_q_mode)5u, ap_o_mode _AP_O = (ap_o_mode)3u, int _AP_N = 0, typename ap_fixed_base<_AP_W, _AP_I, _AP_S>::RType<32, 32, false>::div = ap_fixed_base<24, 10, true, (ap_q_mode)5u, (ap_o_mode)3u, 0>]
C:/Xilinx/Vivado/2017.4/include/etc/ap_fixed_sim.h:2779:1: note: typename ap_fixed_base<_AP_W, _AP_I, _AP_S>::RType<32, 32, true>::div operator/(const ap_fixed_base<_AP_W, _AP_I, _AP_S, _AP_Q, _AP_O, _AP_N>&, long int) [with int _AP_W = 24, int _AP_I = 10, bool _AP_S = true, ap_q_mode _AP_Q = (ap_q_mode)5u, ap_o_mode _AP_O = (ap_o_mode)3u, int _AP_N = 0, typename ap_fixed_base<_AP_W, _AP_I, _AP_S>::RType<32, 32, true>::div = ap_fixed_base<25, 11, true, (ap_q_mode)5u, (ap_o_mode)3u, 0>]
C:/Xilinx/Vivado/2017.4/include/etc/ap_fixed_sim.h:2780:1: note: typename ap_fixed_base<_AP_W, _AP_I, _AP_S>::RType<32, 32, false>::div operator/(const ap_fixed_base<_AP_W, _AP_I, _AP_S, _AP_Q, _AP_O, _AP_N>&, long unsigned int) [with int _AP_W = 24, int _AP_I = 10, bool _AP_S = true, ap_q_mode _AP_Q = (ap_q_mode)5u, ap_o_mode _AP_O = (ap_o_mode)3u, int _AP_N = 0, typename ap_fixed_base<_AP_W, _AP_I, _AP_S>::RType<32, 32, false>::div = ap_fixed_base<24, 10, true, (ap_q_mode)5u, (ap_o_mode)3u, 0>]
C:/Xilinx/Vivado/2017.4/include/etc/ap_fixed_sim.h:2782:1: note: typename ap_fixed_base<_AP_W, _AP_I, _AP_S>::RType<64, 64, true>::div operator/(const ap_fixed_base<_AP_W, _AP_I, _AP_S, _AP_Q, _AP_O, _AP_N>&, ap_slong) [with int _AP_W = 24, int _AP_I = 10, bool _AP_S = true, ap_q_mode _AP_Q = (ap_q_mode)5u, ap_o_mode _AP_O = (ap_o_mode)3u, int _AP_N = 0, typename ap_fixed_base<_AP_W, _AP_I, _AP_S>::RType<64, 64, true>::div = ap_fixed_base<25, 11, true, (ap_q_mode)5u, (ap_o_mode)3u, 0>, ap_slong = long long int]
C:/Xilinx/Vivado/2017.4/include/etc/ap_fixed_sim.h:2783:1: note: typename ap_fixed_base<_AP_W, _AP_I, _AP_S>::RType<64, 64, false>::div operator/(const ap_fixed_base<_AP_W, _AP_I, _AP_S, _AP_Q, _AP_O, _AP_N>&, ap_ulong) [with int _AP_W = 24, int _AP_I = 10, bool _AP_S = true, ap_q_mode _AP_Q = (ap_q_mode)5u, ap_o_mode _AP_O = (ap_o_mode)3u, int _AP_N = 0, typename ap_fixed_base<_AP_W, _AP_I, _AP_S>::RType<64, 64, false>::div = ap_fixed_base<24, 10, true, (ap_q_mode)5u, (ap_o_mode)3u, 0>, ap_ulong = long long unsigned int]
../../../src/brl_corr_hls.cpp:27:37: error: ambiguous overload for 'operator/' in 'ap_fixed<24, 10>(height) / 2.0e+0'
../../../src/brl_corr_hls.cpp:27:37: note: candidates are:
../../../src/brl_corr_hls.cpp:27:37: note: operator/(long double, double) <built-in>
../../../src/brl_corr_hls.cpp:27:37: note: operator/(double, double) <built-in>
../../../src/brl_corr_hls.cpp:27:37: note: operator/(float, double) <built-in>
../../../src/brl_corr_hls.cpp:27:37: note: operator/(int, double) <built-in>
../../../src/brl_corr_hls.cpp:27:37: note: operator/(unsigned int, double) <built-in>
../../../src/brl_corr_hls.cpp:27:37: note: operator/(long int, double) <built-in>
../../../src/brl_corr_hls.cpp:27:37: note: operator/(long unsigned int, double) <built-in>
../../../src/brl_corr_hls.cpp:27:37: note: operator/(long long unsigned int, double) <built-in>
../../../src/brl_corr_hls.cpp:27:37: note: operator/(long long int, double) <built-in>
C:/Xilinx/Vivado/2017.4/include/etc/ap_fixed_sim.h:2767:1: note: typename ap_fixed_base<_AP_W, _AP_I, _AP_S>::RType<1, 1, false>::div operator/(const ap_fixed_base<_AP_W, _AP_I, _AP_S, _AP_Q, _AP_O, _AP_N>&, bool) [with int _AP_W = 24, int _AP_I = 10, bool _AP_S = true, ap_q_mode _AP_Q = (ap_q_mode)5u, ap_o_mode _AP_O = (ap_o_mode)3u, int _AP_N = 0, typename ap_fixed_base<_AP_W, _AP_I, _AP_S>::RType<1, 1, false>::div = ap_fixed_base<24, 10, true, (ap_q_mode)5u, (ap_o_mode)3u, 0>]
C:/Xilinx/Vivado/2017.4/include/etc/ap_fixed_sim.h:2768:1: note: typename ap_fixed_base<_AP_W, _AP_I, _AP_S>::RType<8, 8, true>::div operator/(const ap_fixed_base<_AP_W, _AP_I, _AP_S, _AP_Q, _AP_O, _AP_N>&, char) [with int _AP_W = 24, int _AP_I = 10, bool _AP_S = true, ap_q_mode _AP_Q = (ap_q_mode)5u, ap_o_mode _AP_O = (ap_o_mode)3u, int _AP_N = 0, typename ap_fixed_base<_AP_W, _AP_I, _AP_S>::RType<8, 8, true>::div = ap_fixed_base<25, 11, true, (ap_q_mode)5u, (ap_o_mode)3u, 0>]
C:/Xilinx/Vivado/2017.4/include/etc/ap_fixed_sim.h:2769:1: note: typename ap_fixed_base<_AP_W, _AP_I, _AP_S>::RType<8, 8, true>::div operator/(const ap_fixed_base<_AP_W, _AP_I, _AP_S, _AP_Q, _AP_O, _AP_N>&, signed char) [with int _AP_W = 24, int _AP_I = 10, bool _AP_S = true, ap_q_mode _AP_Q = (ap_q_mode)5u, ap_o_mode _AP_O = (ap_o_mode)3u, int _AP_N = 0, typename ap_fixed_base<_AP_W, _AP_I, _AP_S>::RType<8, 8, true>::div = ap_fixed_base<25, 11, true, (ap_q_mode)5u, (ap_o_mode)3u, 0>]
C:/Xilinx/Vivado/2017.4/include/etc/ap_fixed_sim.h:2770:1: note: typename ap_fixed_base<_AP_W, _AP_I, _AP_S>::RType<8, 8, false>::div operator/(const ap_fixed_base<_AP_W, _AP_I, _AP_S, _AP_Q, _AP_O, _AP_N>&, unsigned char) [with int _AP_W = 24, int _AP_I = 10, bool _AP_S = true, ap_q_mode _AP_Q = (ap_q_mode)5u, ap_o_mode _AP_O = (ap_o_mode)3u, int _AP_N = 0, typename ap_fixed_base<_AP_W, _AP_I, _AP_S>::RType<8, 8, false>::div = ap_fixed_base<24, 10, true, (ap_q_mode)5u, (ap_o_mode)3u, 0>]
C:/Xilinx/Vivado/2017.4/include/etc/ap_fixed_sim.h:2771:1: note: typename ap_fixed_base<_AP_W, _AP_I, _AP_S>::RType<16, 16, true>::div operator/(const ap_fixed_base<_AP_W, _AP_I, _AP_S, _AP_Q, _AP_O, _AP_N>&, short int) [with int _AP_W = 24, int _AP_I = 10, bool _AP_S = true, ap_q_mode _AP_Q = (ap_q_mode)5u, ap_o_mode _AP_O = (ap_o_mode)3u, int _AP_N = 0, typename ap_fixed_base<_AP_W, _AP_I, _AP_S>::RType<16, 16, true>::div = ap_fixed_base<25, 11, true, (ap_q_mode)5u, (ap_o_mode)3u, 0>]
C:/Xilinx/Vivado/2017.4/include/etc/ap_fixed_sim.h:2772:1: note: typename ap_fixed_base<_AP_W, _AP_I, _AP_S>::RType<16, 16, false>::div operator/(const ap_fixed_base<_AP_W, _AP_I, _AP_S, _AP_Q, _AP_O, _AP_N>&, short unsigned int) [with int _AP_W = 24, int _AP_I = 10, bool _AP_S = true, ap_q_mode _AP_Q = (ap_q_mode)5u, ap_o_mode _AP_O = (ap_o_mode)3u, int _AP_N = 0, typename ap_fixed_base<_AP_W, _AP_I, _AP_S>::RType<16, 16, false>::div = ap_fixed_base<24, 10, true, (ap_q_mode)5u, (ap_o_mode)3u, 0>]
C:/Xilinx/Vivado/2017.4/include/etc/ap_fixed_sim.h:2773:1: note: typename ap_fixed_base<_AP_W, _AP_I, _AP_S>::RType<32, 32, true>::div operator/(const ap_fixed_base<_AP_W, _AP_I, _AP_S, _AP_Q, _AP_O, _AP_N>&, int) [with int _AP_W = 24, int _AP_I = 10, bool _AP_S = true, ap_q_mode _AP_Q = (ap_q_mode)5u, ap_o_mode _AP_O = (ap_o_mode)3u, int _AP_N = 0, typename ap_fixed_base<_AP_W, _AP_I, _AP_S>::RType<32, 32, true>::div = ap_fixed_base<25, 11, true, (ap_q_mode)5u, (ap_o_mode)3u, 0>]
C:/Xilinx/Vivado/2017.4/include/etc/ap_fixed_sim.h:2774:1: note: typename ap_fixed_base<_AP_W, _AP_I, _AP_S>::RType<32, 32, false>::div operator/(const ap_fixed_base<_AP_W, _AP_I, _AP_S, _AP_Q, _AP_O, _AP_N>&, unsigned int) [with int _AP_W = 24, int _AP_I = 10, bool _AP_S = true, ap_q_mode _AP_Q = (ap_q_mode)5u, ap_o_mode _AP_O = (ap_o_mode)3u, int _AP_N = 0, typename ap_fixed_base<_AP_W, _AP_I, _AP_S>::RType<32, 32, false>::div = ap_fixed_base<24, 10, true, (ap_q_mode)5u, (ap_o_mode)3u, 0>]
C:/Xilinx/Vivado/2017.4/include/etc/ap_fixed_sim.h:2779:1: note: typename ap_fixed_base<_AP_W, _AP_I, _AP_S>::RType<32, 32, true>::div operator/(const ap_fixed_base<_AP_W, _AP_I, _AP_S, _AP_Q, _AP_O, _AP_N>&, long int) [with int _AP_W = 24, int _AP_I = 10, bool _AP_S = true, ap_q_mode _AP_Q = (ap_q_mode)5u, ap_o_mode _AP_O = (ap_o_mode)3u, int _AP_N = 0, typename ap_fixed_base<_AP_W, _AP_I, _AP_S>::RType<32, 32, true>::div = ap_fixed_base<25, 11, true, (ap_q_mode)5u, (ap_o_mode)3u, 0>]
C:/Xilinx/Vivado/2017.4/include/etc/ap_fixed_sim.h:2780:1: note: typename ap_fixed_base<_AP_W, _AP_I, _AP_S>::RType<32, 32, false>::div operator/(const ap_fixed_base<_AP_W, _AP_I, _AP_S, _AP_Q, _AP_O, _AP_N>&, long unsigned int) [with int _AP_W = 24, int _AP_I = 10, bool _AP_S = true, ap_q_mode _AP_Q = (ap_q_mode)5u, ap_o_mode _AP_O = (ap_o_mode)3u, int _AP_N = 0, typename ap_fixed_base<_AP_W, _AP_I, _AP_S>::RType<32, 32, false>::div = ap_fixed_base<24, 10, true, (ap_q_mode)5u, (ap_o_mode)3u, 0>]
C:/Xilinx/Vivado/2017.4/include/etc/ap_fixed_sim.h:2782:1: note: typename ap_fixed_base<_AP_W, _AP_I, _AP_S>::RType<64, 64, true>::div operator/(const ap_fixed_base<_AP_W, _AP_I, _AP_S, _AP_Q, _AP_O, _AP_N>&, ap_slong) [with int _AP_W = 24, int _AP_I = 10, bool _AP_S = true, ap_q_mode _AP_Q = (ap_q_mode)5u, ap_o_mode _AP_O = (ap_o_mode)3u, int _AP_N = 0, typename ap_fixed_base<_AP_W, _AP_I, _AP_S>::RType<64, 64, true>::div = ap_fixed_base<25, 11, true, (ap_q_mode)5u, (ap_o_mode)3u, 0>, ap_slong = long long int]
C:/Xilinx/Vivado/2017.4/include/etc/ap_fixed_sim.h:2783:1: note: typename ap_fixed_base<_AP_W, _AP_I, _AP_S>::RType<64, 64, false>::div operator/(const ap_fixed_base<_AP_W, _AP_I, _AP_S, _AP_Q, _AP_O, _AP_N>&, ap_ulong) [with int _AP_W = 24, int _AP_I = 10, bool _AP_S = true, ap_q_mode _AP_Q = (ap_q_mode)5u, ap_o_mode _AP_O = (ap_o_mode)3u, int _AP_N = 0, typename ap_fixed_base<_AP_W, _AP_I, _AP_S>::RType<64, 64, false>::div = ap_fixed_base<24, 10, true, (ap_q_mode)5u, (ap_o_mode)3u, 0>, ap_ulong = long long unsigned int]
../../../src/brl_corr_hls.cpp:42:19: error: 'struct hls::LineBuffer<8, 128, ap_uint<8> >' has no member named 'insert_pixel'
../../../src/brl_corr_hls.cpp:49:37: error: ambiguous overload for 'operator+' in '1.0e+0 + ap_fixed_base<_AP_W, _AP_I, _AP_S, _AP_Q, _AP_O, _AP_N>::operator*(const ap_fixed_base<_AP_W3, _AP_I3, _AP_S3, _AP_Q3, _AP_O3, _AP_N3>&) const [with int _AP_W2 = 24, int _AP_I2 = 10, bool _AP_S2 = true, ap_q_mode _AP_Q2 = (ap_q_mode)5u, ap_o_mode _AP_O2 = (ap_o_mode)3u, int _AP_N2 = 0, int _AP_W = 24, int _AP_I = 2, bool _AP_S = true, ap_q_mode _AP_Q = (ap_q_mode)5u, ap_o_mode _AP_O = (ap_o_mode)3u, int _AP_N = 0, typename ap_fixed_base<_AP_W, _AP_I, _AP_S, _AP_Q, _AP_O, _AP_N>::RType<_AP_W2, _AP_I2, _AP_S2>::mult = ap_fixed_base<48, 12, true, (ap_q_mode)5u, (ap_o_mode)3u, 0>]((*(const ap_fixed_base<24, 10, true, (ap_q_mode)5u, (ap_o_mode)3u, 0>*)(& r2.ap_fixed<24, 10>::<anonymous>)))'
../../../src/brl_corr_hls.cpp:49:37: note: candidates are:
../../../src/brl_corr_hls.cpp:49:37: note: operator+(double, long double) <built-in>
../../../src/brl_corr_hls.cpp:49:37: note: operator+(double, double) <built-in>
../../../src/brl_corr_hls.cpp:49:37: note: operator+(double, float) <built-in>
../../../src/brl_corr_hls.cpp:49:37: note: operator+(double, int) <built-in>
../../../src/brl_corr_hls.cpp:49:37: note: operator+(double, unsigned int) <built-in>
../../../src/brl_corr_hls.cpp:49:37: note: operator+(double, long int) <built-in>
../../../src/brl_corr_hls.cpp:49:37: note: operator+(double, long unsigned int) <built-in>
../../../src/brl_corr_hls.cpp:49:37: note: operator+(double, long long unsigned int) <built-in>
../../../src/brl_corr_hls.cpp:49:37: note: operator+(double, long long int) <built-in>
C:/Xilinx/Vivado/2017.4/include/etc/ap_fixed_sim.h:2767:1: note: typename ap_fixed_base<_AP_W, _AP_I, _AP_S>::RType<1, 1, false>::plus operator+(bool, const ap_fixed_base<_AP_W, _AP_I, _AP_S, _AP_Q, _AP_O, _AP_N>&) [with int _AP_W = 48, int _AP_I = 12, bool _AP_S = true, ap_q_mode _AP_Q = (ap_q_mode)5u, ap_o_mode _AP_O = (ap_o_mode)3u, int _AP_N = 0, typename ap_fixed_base<_AP_W, _AP_I, _AP_S>::RType<1, 1, false>::plus = ap_fixed_base<49, 13, true, (ap_q_mode)5u, (ap_o_mode)3u, 0>]
C:/Xilinx/Vivado/2017.4/include/etc/ap_fixed_sim.h:2768:1: note: typename ap_fixed_base<_AP_W, _AP_I, _AP_S>::RType<8, 8, true>::plus operator+(char, const ap_fixed_base<_AP_W, _AP_I, _AP_S, _AP_Q, _AP_O, _AP_N>&) [with int _AP_W = 48, int _AP_I = 12, bool _AP_S = true, ap_q_mode _AP_Q = (ap_q_mode)5u, ap_o_mode _AP_O = (ap_o_mode)3u, int _AP_N = 0, typename ap_fixed_base<_AP_W, _AP_I, _AP_S>::RType<8, 8, true>::plus = ap_fixed_base<49, 13, true, (ap_q_mode)5u, (ap_o_mode)3u, 0>]
C:/Xilinx/Vivado/2017.4/include/etc/ap_fixed_sim.h:2769:1: note: typename ap_fixed_base<_AP_W, _AP_I, _AP_S>::RType<8, 8, true>::plus operator+(signed char, const ap_fixed_base<_AP_W, _AP_I, _AP_S, _AP_Q, _AP_O, _AP_N>&) [with int _AP_W = 48, int _AP_I = 12, bool _AP_S = true, ap_q_mode _AP_Q = (ap_q_mode)5u, ap_o_mode _AP_O = (ap_o_mode)3u, int _AP_N = 0, typename ap_fixed_base<_AP_W, _AP_I, _AP_S>::RType<8, 8, true>::plus = ap_fixed_base<49, 13, true, (ap_q_mode)5u, (ap_o_mode)3u, 0>]
C:/Xilinx/Vivado/2017.4/include/etc/ap_fixed_sim.h:2770:1: note: typename ap_fixed_base<_AP_W, _AP_I, _AP_S>::RType<8, 8, false>::plus operator+(unsigned char, const ap_fixed_base<_AP_W, _AP_I, _AP_S, _AP_Q, _AP_O, _AP_N>&) [with int _AP_W = 48, int _AP_I = 12, bool _AP_S = true, ap_q_mode _AP_Q = (ap_q_mode)5u, ap_o_mode _AP_O = (ap_o_mode)3u, int _AP_N = 0, typename ap_fixed_base<_AP_W, _AP_I, _AP_S>::RType<8, 8, false>::plus = ap_fixed_base<49, 13, true, (ap_q_mode)5u, (ap_o_mode)3u, 0>]
C:/Xilinx/Vivado/2017.4/include/etc/ap_fixed_sim.h:2771:1: note: typename ap_fixed_base<_AP_W, _AP_I, _AP_S>::RType<16, 16, true>::plus operator+(short int, const ap_fixed_base<_AP_W, _AP_I, _AP_S, _AP_Q, _AP_O, _AP_N>&) [with int _AP_W = 48, int _AP_I = 12, bool _AP_S = true, ap_q_mode _AP_Q = (ap_q_mode)5u, ap_o_mode _AP_O = (ap_o_mode)3u, int _AP_N = 0, typename ap_fixed_base<_AP_W, _AP_I, _AP_S>::RType<16, 16, true>::plus = ap_fixed_base<53, 17, true, (ap_q_mode)5u, (ap_o_mode)3u, 0>]
C:/Xilinx/Vivado/2017.4/include/etc/ap_fixed_sim.h:2772:1: note: typename ap_fixed_base<_AP_W, _AP_I, _AP_S>::RType<16, 16, false>::plus operator+(short unsigned int, const ap_fixed_base<_AP_W, _AP_I, _AP_S, _AP_Q, _AP_O, _AP_N>&) [with int _AP_W = 48, int _AP_I = 12, bool _AP_S = true, ap_q_mode _AP_Q = (ap_q_mode)5u, ap_o_mode _AP_O = (ap_o_mode)3u, int _AP_N = 0, typename ap_fixed_base<_AP_W, _AP_I, _AP_S>::RType<16, 16, false>::plus = ap_fixed_base<54, 18, true, (ap_q_mode)5u, (ap_o_mode)3u, 0>]
C:/Xilinx/Vivado/2017.4/include/etc/ap_fixed_sim.h:2773:1: note: typename ap_fixed_base<_AP_W, _AP_I, _AP_S>::RType<32, 32, true>::plus operator+(int, const ap_fixed_base<_AP_W, _AP_I, _AP_S, _AP_Q, _AP_O, _AP_N>&) [with int _AP_W = 48, int _AP_I = 12, bool _AP_S = true, ap_q_mode _AP_Q = (ap_q_mode)5u, ap_o_mode _AP_O = (ap_o_mode)3u, int _AP_N = 0, typename ap_fixed_base<_AP_W, _AP_I, _AP_S>::RType<32, 32, true>::plus = ap_fixed_base<69, 33, true, (ap_q_mode)5u, (ap_o_mode)3u, 0>]
C:/Xilinx/Vivado/2017.4/include/etc/ap_fixed_sim.h:2774:1: note: typename ap_fixed_base<_AP_W, _AP_I, _AP_S>::RType<32, 32, false>::plus operator+(unsigned int, const ap_fixed_base<_AP_W, _AP_I, _AP_S, _AP_Q, _AP_O, _AP_N>&) [with int _AP_W = 48, int _AP_I = 12, bool _AP_S = true, ap_q_mode _AP_Q = (ap_q_mode)5u, ap_o_mode _AP_O = (ap_o_mode)3u, int _AP_N = 0, typename ap_fixed_base<_AP_W, _AP_I, _AP_S>::RType<32, 32, false>::plus = ap_fixed_base<70, 34, true, (ap_q_mode)5u, (ap_o_mode)3u, 0>]
C:/Xilinx/Vivado/2017.4/include/etc/ap_fixed_sim.h:2779:1: note: typename ap_fixed_base<_AP_W, _AP_I, _AP_S>::RType<32, 32, true>::plus operator+(long int, const ap_fixed_base<_AP_W, _AP_I, _AP_S, _AP_Q, _AP_O, _AP_N>&) [with int _AP_W = 48, int _AP_I = 12, bool _AP_S = true, ap_q_mode _AP_Q = (ap_q_mode)5u, ap_o_mode _AP_O = (ap_o_mode)3u, int _AP_N = 0, typename ap_fixed_base<_AP_W, _AP_I, _AP_S>::RType<32, 32, true>::plus = ap_fixed_base<69, 33, true, (ap_q_mode)5u, (ap_o_mode)3u, 0>]
C:/Xilinx/Vivado/2017.4/include/etc/ap_fixed_sim.h:2780:1: note: typename ap_fixed_base<_AP_W, _AP_I, _AP_S>::RType<32, 32, false>::plus operator+(long unsigned int, const ap_fixed_base<_AP_W, _AP_I, _AP_S, _AP_Q, _AP_O, _AP_N>&) [with int _AP_W = 48, int _AP_I = 12, bool _AP_S = true, ap_q_mode _AP_Q = (ap_q_mode)5u, ap_o_mode _AP_O = (ap_o_mode)3u, int _AP_N = 0, typename ap_fixed_base<_AP_W, _AP_I, _AP_S>::RType<32, 32, false>::plus = ap_fixed_base<70, 34, true, (ap_q_mode)5u, (ap_o_mode)3u, 0>]
C:/Xilinx/Vivado/2017.4/include/etc/ap_fixed_sim.h:2782:1: note: typename ap_fixed_base<_AP_W, _AP_I, _AP_S>::RType<64, 64, true>::plus operator+(ap_slong, const ap_fixed_base<_AP_W, _AP_I, _AP_S, _AP_Q, _AP_O, _AP_N>&) [with int _AP_W = 48, int _AP_I = 12, bool _AP_S = true, ap_q_mode _AP_Q = (ap_q_mode)5u, ap_o_mode _AP_O = (ap_o_mode)3u, int _AP_N = 0, typename ap_fixed_base<_AP_W, _AP_I, _AP_S>::RType<64, 64, true>::plus = ap_fixed_base<101, 65, true, (ap_q_mode)5u, (ap_o_mode)3u, 0>, ap_slong = long long int]
C:/Xilinx/Vivado/2017.4/include/etc/ap_fixed_sim.h:2783:1: note: typename ap_fixed_base<_AP_W, _AP_I, _AP_S>::RType<64, 64, false>::plus operator+(ap_ulong, const ap_fixed_base<_AP_W, _AP_I, _AP_S, _AP_Q, _AP_O, _AP_N>&) [with int _AP_W = 48, int _AP_I = 12, bool _AP_S = true, ap_q_mode _AP_Q = (ap_q_mode)5u, ap_o_mode _AP_O = (ap_o_mode)3u, int _AP_N = 0, typename ap_fixed_base<_AP_W, _AP_I, _AP_S>::RType<64, 64, false>::plus = ap_fixed_base<102, 66, true, (ap_q_mode)5u, (ap_o_mode)3u, 0>, ap_ulong = long long unsigned int]
../../../src/brl_corr_hls.cpp:78:42: error: ambiguous overload for 'operator-' in '1.0e+0 - dx'
../../../src/brl_corr_hls.cpp:78:42: note: candidates are:
../../../src/brl_corr_hls.cpp:78:42: note: operator-(double, long double) <built-in>
../../../src/brl_corr_hls.cpp:78:42: note: operator-(double, double) <built-in>
../../../src/brl_corr_hls.cpp:78:42: note: operator-(double, float) <built-in>
../../../src/brl_corr_hls.cpp:78:42: note: operator-(double, int) <built-in>
../../../src/brl_corr_hls.cpp:78:42: note: operator-(double, unsigned int) <built-in>
../../../src/brl_corr_hls.cpp:78:42: note: operator-(double, long int) <built-in>
../../../src/brl_corr_hls.cpp:78:42: note: operator-(double, long unsigned int) <built-in>
../../../src/brl_corr_hls.cpp:78:42: note: operator-(double, long long unsigned int) <built-in>
../../../src/brl_corr_hls.cpp:78:42: note: operator-(double, long long int) <built-in>
C:/Xilinx/Vivado/2017.4/include/etc/ap_fixed_sim.h:2767:1: note: typename ap_fixed_base<_AP_W, _AP_I, _AP_S>::RType<1, 1, false>::minus operator-(bool, const ap_fixed_base<_AP_W, _AP_I, _AP_S, _AP_Q, _AP_O, _AP_N>&) [with int _AP_W = 24, int _AP_I = 10, bool _AP_S = true, ap_q_mode _AP_Q = (ap_q_mode)5u, ap_o_mode _AP_O = (ap_o_mode)3u, int _AP_N = 0, typename ap_fixed_base<_AP_W, _AP_I, _AP_S>::RType<1, 1, false>::minus = ap_fixed_base<25, 11, true, (ap_q_mode)5u, (ap_o_mode)3u, 0>]
C:/Xilinx/Vivado/2017.4/include/etc/ap_fixed_sim.h:2768:1: note: typename ap_fixed_base<_AP_W, _AP_I, _AP_S>::RType<8, 8, true>::minus operator-(char, const ap_fixed_base<_AP_W, _AP_I, _AP_S, _AP_Q, _AP_O, _AP_N>&) [with int _AP_W = 24, int _AP_I = 10, bool _AP_S = true, ap_q_mode _AP_Q = (ap_q_mode)5u, ap_o_mode _AP_O = (ap_o_mode)3u, int _AP_N = 0, typename ap_fixed_base<_AP_W, _AP_I, _AP_S>::RType<8, 8, true>::minus = ap_fixed_base<25, 11, true, (ap_q_mode)5u, (ap_o_mode)3u, 0>]
C:/Xilinx/Vivado/2017.4/include/etc/ap_fixed_sim.h:2769:1: note: typename ap_fixed_base<_AP_W, _AP_I, _AP_S>::RType<8, 8, true>::minus operator-(signed char, const ap_fixed_base<_AP_W, _AP_I, _AP_S, _AP_Q, _AP_O, _AP_N>&) [with int _AP_W = 24, int _AP_I = 10, bool _AP_S = true, ap_q_mode _AP_Q = (ap_q_mode)5u, ap_o_mode _AP_O = (ap_o_mode)3u, int _AP_N = 0, typename ap_fixed_base<_AP_W, _AP_I, _AP_S>::RType<8, 8, true>::minus = ap_fixed_base<25, 11, true, (ap_q_mode)5u, (ap_o_mode)3u, 0>]
C:/Xilinx/Vivado/2017.4/include/etc/ap_fixed_sim.h:2770:1: note: typename ap_fixed_base<_AP_W, _AP_I, _AP_S>::RType<8, 8, false>::minus operator-(unsigned char, const ap_fixed_base<_AP_W, _AP_I, _AP_S, _AP_Q, _AP_O, _AP_N>&) [with int _AP_W = 24, int _AP_I = 10, bool _AP_S = true, ap_q_mode _AP_Q = (ap_q_mode)5u, ap_o_mode _AP_O = (ap_o_mode)3u, int _AP_N = 0, typename ap_fixed_base<_AP_W, _AP_I, _AP_S>::RType<8, 8, false>::minus = ap_fixed_base<25, 11, true, (ap_q_mode)5u, (ap_o_mode)3u, 0>]
C:/Xilinx/Vivado/2017.4/include/etc/ap_fixed_sim.h:2771:1: note: typename ap_fixed_base<_AP_W, _AP_I, _AP_S>::RType<16, 16, true>::minus operator-(short int, const ap_fixed_base<_AP_W, _AP_I, _AP_S, _AP_Q, _AP_O, _AP_N>&) [with int _AP_W = 24, int _AP_I = 10, bool _AP_S = true, ap_q_mode _AP_Q = (ap_q_mode)5u, ap_o_mode _AP_O = (ap_o_mode)3u, int _AP_N = 0, typename ap_fixed_base<_AP_W, _AP_I, _AP_S>::RType<16, 16, true>::minus = ap_fixed_base<31, 17, true, (ap_q_mode)5u, (ap_o_mode)3u, 0>]
C:/Xilinx/Vivado/2017.4/include/etc/ap_fixed_sim.h:2772:1: note: typename ap_fixed_base<_AP_W, _AP_I, _AP_S>::RType<16, 16, false>::minus operator-(short unsigned int, const ap_fixed_base<_AP_W, _AP_I, _AP_S, _AP_Q, _AP_O, _AP_N>&) [with int _AP_W = 24, int _AP_I = 10, bool _AP_S = true, ap_q_mode _AP_Q = (ap_q_mode)5u, ap_o_mode _AP_O = (ap_o_mode)3u, int _AP_N = 0, typename ap_fixed_base<_AP_W, _AP_I, _AP_S>::RType<16, 16, false>::minus = ap_fixed_base<32, 18, true, (ap_q_mode)5u, (ap_o_mode)3u, 0>]
C:/Xilinx/Vivado/2017.4/include/etc/ap_fixed_sim.h:2773:1: note: typename ap_fixed_base<_AP_W, _AP_I, _AP_S>::RType<32, 32, true>::minus operator-(int, const ap_fixed_base<_AP_W, _AP_I, _AP_S, _AP_Q, _AP_O, _AP_N>&) [with int _AP_W = 24, int _AP_I = 10, bool _AP_S = true, ap_q_mode _AP_Q = (ap_q_mode)5u, ap_o_mode _AP_O = (ap_o_mode)3u, int _AP_N = 0, typename ap_fixed_base<_AP_W, _AP_I, _AP_S>::RType<32, 32, true>::minus = ap_fixed_base<47, 33, true, (ap_q_mode)5u, (ap_o_mode)3u, 0>]
C:/Xilinx/Vivado/2017.4/include/etc/ap_fixed_sim.h:2774:1: note: typename ap_fixed_base<_AP_W, _AP_I, _AP_S>::RType<32, 32, false>::minus operator-(unsigned int, const ap_fixed_base<_AP_W, _AP_I, _AP_S, _AP_Q, _AP_O, _AP_N>&) [with int _AP_W = 24, int _AP_I = 10, bool _AP_S = true, ap_q_mode _AP_Q = (ap_q_mode)5u, ap_o_mode _AP_O = (ap_o_mode)3u, int _AP_N = 0, typename ap_fixed_base<_AP_W, _AP_I, _AP_S>::RType<32, 32, false>::minus = ap_fixed_base<48, 34, true, (ap_q_mode)5u, (ap_o_mode)3u, 0>]
C:/Xilinx/Vivado/2017.4/include/etc/ap_fixed_sim.h:2779:1: note: typename ap_fixed_base<_AP_W, _AP_I, _AP_S>::RType<32, 32, true>::minus operator-(long int, const ap_fixed_base<_AP_W, _AP_I, _AP_S, _AP_Q, _AP_O, _AP_N>&) [with int _AP_W = 24, int _AP_I = 10, bool _AP_S = true, ap_q_mode _AP_Q = (ap_q_mode)5u, ap_o_mode _AP_O = (ap_o_mode)3u, int _AP_N = 0, typename ap_fixed_base<_AP_W, _AP_I, _AP_S>::RType<32, 32, true>::minus = ap_fixed_base<47, 33, true, (ap_q_mode)5u, (ap_o_mode)3u, 0>]
C:/Xilinx/Vivado/2017.4/include/etc/ap_fixed_sim.h:2780:1: note: typename ap_fixed_base<_AP_W, _AP_I, _AP_S>::RType<32, 32, false>::minus operator-(long unsigned int, const ap_fixed_base<_AP_W, _AP_I, _AP_S, _AP_Q, _AP_O, _AP_N>&) [with int _AP_W = 24, int _AP_I = 10, bool _AP_S = true, ap_q_mode _AP_Q = (ap_q_mode)5u, ap_o_mode _AP_O = (ap_o_mode)3u, int _AP_N = 0, typename ap_fixed_base<_AP_W, _AP_I, _AP_S>::RType<32, 32, false>::minus = ap_fixed_base<48, 34, true, (ap_q_mode)5u, (ap_o_mode)3u, 0>]
C:/Xilinx/Vivado/2017.4/include/etc/ap_fixed_sim.h:2782:1: note: typename ap_fixed_base<_AP_W, _AP_I, _AP_S>::RType<64, 64, true>::minus operator-(ap_slong, const ap_fixed_base<_AP_W, _AP_I, _AP_S, _AP_Q, _AP_O, _AP_N>&) [with int _AP_W = 24, int _AP_I = 10, bool _AP_S = true, ap_q_mode _AP_Q = (ap_q_mode)5u, ap_o_mode _AP_O = (ap_o_mode)3u, int _AP_N = 0, typename ap_fixed_base<_AP_W, _AP_I, _AP_S>::RType<64, 64, true>::minus = ap_fixed_base<79, 65, true, (ap_q_mode)5u, (ap_o_mode)3u, 0>, ap_slong = long long int]
C:/Xilinx/Vivado/2017.4/include/etc/ap_fixed_sim.h:2783:1: note: typename ap_fixed_base<_AP_W, _AP_I, _AP_S>::RType<64, 64, false>::minus operator-(ap_ulong, const ap_fixed_base<_AP_W, _AP_I, _AP_S, _AP_Q, _AP_O, _AP_N>&) [with int _AP_W = 24, int _AP_I = 10, bool _AP_S = true, ap_q_mode _AP_Q = (ap_q_mode)5u, ap_o_mode _AP_O = (ap_o_mode)3u, int _AP_N = 0, typename ap_fixed_base<_AP_W, _AP_I, _AP_S>::RType<64, 64, false>::minus = ap_fixed_base<80, 66, true, (ap_q_mode)5u, (ap_o_mode)3u, 0>, ap_ulong = long long unsigned int]
../../../src/brl_corr_hls.cpp:78:55: error: ambiguous overload for 'operator-' in '1.0e+0 - dy'
../../../src/brl_corr_hls.cpp:78:55: note: candidates are:
../../../src/brl_corr_hls.cpp:78:55: note: operator-(double, long double) <built-in>
../../../src/brl_corr_hls.cpp:78:55: note: operator-(double, double) <built-in>
../../../src/brl_corr_hls.cpp:78:55: note: operator-(double, float) <built-in>
../../../src/brl_corr_hls.cpp:78:55: note: operator-(double, int) <built-in>
../../../src/brl_corr_hls.cpp:78:55: note: operator-(double, unsigned int) <built-in>
../../../src/brl_corr_hls.cpp:78:55: note: operator-(double, long int) <built-in>
../../../src/brl_corr_hls.cpp:78:55: note: operator-(double, long unsigned int) <built-in>
../../../src/brl_corr_hls.cpp:78:55: note: operator-(double, long long unsigned int) <built-in>
../../../src/brl_corr_hls.cpp:78:55: note: operator-(double, long long int) <built-in>
C:/Xilinx/Vivado/2017.4/include/etc/ap_fixed_sim.h:2767:1: note: typename ap_fixed_base<_AP_W, _AP_I, _AP_S>::RType<1, 1, false>::minus operator-(bool, const ap_fixed_base<_AP_W, _AP_I, _AP_S, _AP_Q, _AP_O, _AP_N>&) [with int _AP_W = 24, int _AP_I = 10, bool _AP_S = true, ap_q_mode _AP_Q = (ap_q_mode)5u, ap_o_mode _AP_O = (ap_o_mode)3u, int _AP_N = 0, typename ap_fixed_base<_AP_W, _AP_I, _AP_S>::RType<1, 1, false>::minus = ap_fixed_base<25, 11, true, (ap_q_mode)5u, (ap_o_mode)3u, 0>]
C:/Xilinx/Vivado/2017.4/include/etc/ap_fixed_sim.h:2768:1: note: typename ap_fixed_base<_AP_W, _AP_I, _AP_S>::RType<8, 8, true>::minus operator-(char, const ap_fixed_base<_AP_W, _AP_I, _AP_S, _AP_Q, _AP_O, _AP_N>&) [with int _AP_W = 24, int _AP_I = 10, bool _AP_S = true, ap_q_mode _AP_Q = (ap_q_mode)5u, ap_o_mode _AP_O = (ap_o_mode)3u, int _AP_N = 0, typename ap_fixed_base<_AP_W, _AP_I, _AP_S>::RType<8, 8, true>::minus = ap_fixed_base<25, 11, true, (ap_q_mode)5u, (ap_o_mode)3u, 0>]
C:/Xilinx/Vivado/2017.4/include/etc/ap_fixed_sim.h:2769:1: note: typename ap_fixed_base<_AP_W, _AP_I, _AP_S>::RType<8, 8, true>::minus operator-(signed char, const ap_fixed_base<_AP_W, _AP_I, _AP_S, _AP_Q, _AP_O, _AP_N>&) [with int _AP_W = 24, int _AP_I = 10, bool _AP_S = true, ap_q_mode _AP_Q = (ap_q_mode)5u, ap_o_mode _AP_O = (ap_o_mode)3u, int _AP_N = 0, typename ap_fixed_base<_AP_W, _AP_I, _AP_S>::RType<8, 8, true>::minus = ap_fixed_base<25, 11, true, (ap_q_mode)5u, (ap_o_mode)3u, 0>]
C:/Xilinx/Vivado/2017.4/include/etc/ap_fixed_sim.h:2770:1: note: typename ap_fixed_base<_AP_W, _AP_I, _AP_S>::RType<8, 8, false>::minus operator-(unsigned char, const ap_fixed_base<_AP_W, _AP_I, _AP_S, _AP_Q, _AP_O, _AP_N>&) [with int _AP_W = 24, int _AP_I = 10, bool _AP_S = true, ap_q_mode _AP_Q = (ap_q_mode)5u, ap_o_mode _AP_O = (ap_o_mode)3u, int _AP_N = 0, typename ap_fixed_base<_AP_W, _AP_I, _AP_S>::RType<8, 8, false>::minus = ap_fixed_base<25, 11, true, (ap_q_mode)5u, (ap_o_mode)3u, 0>]
C:/Xilinx/Vivado/2017.4/include/etc/ap_fixed_sim.h:2771:1: note: typename ap_fixed_base<_AP_W, _AP_I, _AP_S>::RType<16, 16, true>::minus operator-(short int, const ap_fixed_base<_AP_W, _AP_I, _AP_S, _AP_Q, _AP_O, _AP_N>&) [with int _AP_W = 24, int _AP_I = 10, bool _AP_S = true, ap_q_mode _AP_Q = (ap_q_mode)5u, ap_o_mode _AP_O = (ap_o_mode)3u, int _AP_N = 0, typename ap_fixed_base<_AP_W, _AP_I, _AP_S>::RType<16, 16, true>::minus = ap_fixed_base<31, 17, true, (ap_q_mode)5u, (ap_o_mode)3u, 0>]
C:/Xilinx/Vivado/2017.4/include/etc/ap_fixed_sim.h:2772:1: note: typename ap_fixed_base<_AP_W, _AP_I, _AP_S>::RType<16, 16, false>::minus operator-(short unsigned int, const ap_fixed_base<_AP_W, _AP_I, _AP_S, _AP_Q, _AP_O, _AP_N>&) [with int _AP_W = 24, int _AP_I = 10, bool _AP_S = true, ap_q_mode _AP_Q = (ap_q_mode)5u, ap_o_mode _AP_O = (ap_o_mode)3u, int _AP_N = 0, typename ap_fixed_base<_AP_W, _AP_I, _AP_S>::RType<16, 16, false>::minus = ap_fixed_base<32, 18, true, (ap_q_mode)5u, (ap_o_mode)3u, 0>]
C:/Xilinx/Vivado/2017.4/include/etc/ap_fixed_sim.h:2773:1: note: typename ap_fixed_base<_AP_W, _AP_I, _AP_S>::RType<32, 32, true>::minus operator-(int, const ap_fixed_base<_AP_W, _AP_I, _AP_S, _AP_Q, _AP_O, _AP_N>&) [with int _AP_W = 24, int _AP_I = 10, bool _AP_S = true, ap_q_mode _AP_Q = (ap_q_mode)5u, ap_o_mode _AP_O = (ap_o_mode)3u, int _AP_N = 0, typename ap_fixed_base<_AP_W, _AP_I, _AP_S>::RType<32, 32, true>::minus = ap_fixed_base<47, 33, true, (ap_q_mode)5u, (ap_o_mode)3u, 0>]
C:/Xilinx/Vivado/2017.4/include/etc/ap_fixed_sim.h:2774:1: note: typename ap_fixed_base<_AP_W, _AP_I, _AP_S>::RType<32, 32, false>::minus operator-(unsigned int, const ap_fixed_base<_AP_W, _AP_I, _AP_S, _AP_Q, _AP_O, _AP_N>&) [with int _AP_W = 24, int _AP_I = 10, bool _AP_S = true, ap_q_mode _AP_Q = (ap_q_mode)5u, ap_o_mode _AP_O = (ap_o_mode)3u, int _AP_N = 0, typename ap_fixed_base<_AP_W, _AP_I, _AP_S>::RType<32, 32, false>::minus = ap_fixed_base<48, 34, true, (ap_q_mode)5u, (ap_o_mode)3u, 0>]
C:/Xilinx/Vivado/2017.4/include/etc/ap_fixed_sim.h:2779:1: note: typename ap_fixed_base<_AP_W, _AP_I, _AP_S>::RType<32, 32, true>::minus operator-(long int, const ap_fixed_base<_AP_W, _AP_I, _AP_S, _AP_Q, _AP_O, _AP_N>&) [with int _AP_W = 24, int _AP_I = 10, bool _AP_S = true, ap_q_mode _AP_Q = (ap_q_mode)5u, ap_o_mode _AP_O = (ap_o_mode)3u, int _AP_N = 0, typename ap_fixed_base<_AP_W, _AP_I, _AP_S>::RType<32, 32, true>::minus = ap_fixed_base<47, 33, true, (ap_q_mode)5u, (ap_o_mode)3u, 0>]
C:/Xilinx/Vivado/2017.4/include/etc/ap_fixed_sim.h:2780:1: note: typename ap_fixed_base<_AP_W, _AP_I, _AP_S>::RType<32, 32, false>::minus operator-(long unsigned int, const ap_fixed_base<_AP_W, _AP_I, _AP_S, _AP_Q, _AP_O, _AP_N>&) [with int _AP_W = 24, int _AP_I = 10, bool _AP_S = true, ap_q_mode _AP_Q = (ap_q_mode)5u, ap_o_mode _AP_O = (ap_o_mode)3u, int _AP_N = 0, typename ap_fixed_base<_AP_W, _AP_I, _AP_S>::RType<32, 32, false>::minus = ap_fixed_base<48, 34, true, (ap_q_mode)5u, (ap_o_mode)3u, 0>]
C:/Xilinx/Vivado/2017.4/include/etc/ap_fixed_sim.h:2782:1: note: typename ap_fixed_base<_AP_W, _AP_I, _AP_S>::RType<64, 64, true>::minus operator-(ap_slong, const ap_fixed_base<_AP_W, _AP_I, _AP_S, _AP_Q, _AP_O, _AP_N>&) [with int _AP_W = 24, int _AP_I = 10, bool _AP_S = true, ap_q_mode _AP_Q = (ap_q_mode)5u, ap_o_mode _AP_O = (ap_o_mode)3u, int _AP_N = 0, typename ap_fixed_base<_AP_W, _AP_I, _AP_S>::RType<64, 64, true>::minus = ap_fixed_base<79, 65, true, (ap_q_mode)5u, (ap_o_mode)3u, 0>, ap_slong = long long int]
C:/Xilinx/Vivado/2017.4/include/etc/ap_fixed_sim.h:2783:1: note: typename ap_fixed_base<_AP_W, _AP_I, _AP_S>::RType<64, 64, false>::minus operator-(ap_ulong, const ap_fixed_base<_AP_W, _AP_I, _AP_S, _AP_Q, _AP_O, _AP_N>&) [with int _AP_W = 24, int _AP_I = 10, bool _AP_S = true, ap_q_mode _AP_Q = (ap_q_mode)5u, ap_o_mode _AP_O = (ap_o_mode)3u, int _AP_N = 0, typename ap_fixed_base<_AP_W, _AP_I, _AP_S>::RType<64, 64, false>::minus = ap_fixed_base<80, 66, true, (ap_q_mode)5u, (ap_o_mode)3u, 0>, ap_ulong = long long unsigned int]
../../../src/brl_corr_hls.cpp:79:47: error: ambiguous overload for 'operator-' in '1.0e+0 - dy'
../../../src/brl_corr_hls.cpp:79:47: note: candidates are:
../../../src/brl_corr_hls.cpp:79:47: note: operator-(double, long double) <built-in>
../../../src/brl_corr_hls.cpp:79:47: note: operator-(double, double) <built-in>
../../../src/brl_corr_hls.cpp:79:47: note: operator-(double, float) <built-in>
../../../src/brl_corr_hls.cpp:79:47: note: operator-(double, int) <built-in>
../../../src/brl_corr_hls.cpp:79:47: note: operator-(double, unsigned int) <built-in>
../../../src/brl_corr_hls.cpp:79:47: note: operator-(double, long int) <built-in>
../../../src/brl_corr_hls.cpp:79:47: note: operator-(double, long unsigned int) <built-in>
../../../src/brl_corr_hls.cpp:79:47: note: operator-(double, long long unsigned int) <built-in>
../../../src/brl_corr_hls.cpp:79:47: note: operator-(double, long long int) <built-in>
C:/Xilinx/Vivado/2017.4/include/etc/ap_fixed_sim.h:2767:1: note: typename ap_fixed_base<_AP_W, _AP_I, _AP_S>::RType<1, 1, false>::minus operator-(bool, const ap_fixed_base<_AP_W, _AP_I, _AP_S, _AP_Q, _AP_O, _AP_N>&) [with int _AP_W = 24, int _AP_I = 10, bool _AP_S = true, ap_q_mode _AP_Q = (ap_q_mode)5u, ap_o_mode _AP_O = (ap_o_mode)3u, int _AP_N = 0, typename ap_fixed_base<_AP_W, _AP_I, _AP_S>::RType<1, 1, false>::minus = ap_fixed_base<25, 11, true, (ap_q_mode)5u, (ap_o_mode)3u, 0>]
C:/Xilinx/Vivado/2017.4/include/etc/ap_fixed_sim.h:2768:1: note: typename ap_fixed_base<_AP_W, _AP_I, _AP_S>::RType<8, 8, true>::minus operator-(char, const ap_fixed_base<_AP_W, _AP_I, _AP_S, _AP_Q, _AP_O, _AP_N>&) [with int _AP_W = 24, int _AP_I = 10, bool _AP_S = true, ap_q_mode _AP_Q = (ap_q_mode)5u, ap_o_mode _AP_O = (ap_o_mode)3u, int _AP_N = 0, typename ap_fixed_base<_AP_W, _AP_I, _AP_S>::RType<8, 8, true>::minus = ap_fixed_base<25, 11, true, (ap_q_mode)5u, (ap_o_mode)3u, 0>]
C:/Xilinx/Vivado/2017.4/include/etc/ap_fixed_sim.h:2769:1: note: typename ap_fixed_base<_AP_W, _AP_I, _AP_S>::RType<8, 8, true>::minus operator-(signed char, const ap_fixed_base<_AP_W, _AP_I, _AP_S, _AP_Q, _AP_O, _AP_N>&) [with int _AP_W = 24, int _AP_I = 10, bool _AP_S = true, ap_q_mode _AP_Q = (ap_q_mode)5u, ap_o_mode _AP_O = (ap_o_mode)3u, int _AP_N = 0, typename ap_fixed_base<_AP_W, _AP_I, _AP_S>::RType<8, 8, true>::minus = ap_fixed_base<25, 11, true, (ap_q_mode)5u, (ap_o_mode)3u, 0>]
C:/Xilinx/Vivado/2017.4/include/etc/ap_fixed_sim.h:2770:1: note: typename ap_fixed_base<_AP_W, _AP_I, _AP_S>::RType<8, 8, false>::minus operator-(unsigned char, const ap_fixed_base<_AP_W, _AP_I, _AP_S, _AP_Q, _AP_O, _AP_N>&) [with int _AP_W = 24, int _AP_I = 10, bool _AP_S = true, ap_q_mode _AP_Q = (ap_q_mode)5u, ap_o_mode _AP_O = (ap_o_mode)3u, int _AP_N = 0, typename ap_fixed_base<_AP_W, _AP_I, _AP_S>::RType<8, 8, false>::minus = ap_fixed_base<25, 11, true, (ap_q_mode)5u, (ap_o_mode)3u, 0>]
C:/Xilinx/Vivado/2017.4/include/etc/ap_fixed_sim.h:2771:1: note: typename ap_fixed_base<_AP_W, _AP_I, _AP_S>::RType<16, 16, true>::minus operator-(short int, const ap_fixed_base<_AP_W, _AP_I, _AP_S, _AP_Q, _AP_O, _AP_N>&) [with int _AP_W = 24, int _AP_I = 10, bool _AP_S = true, ap_q_mode _AP_Q = (ap_q_mode)5u, ap_o_mode _AP_O = (ap_o_mode)3u, int _AP_N = 0, typename ap_fixed_base<_AP_W, _AP_I, _AP_S>::RType<16, 16, true>::minus = ap_fixed_base<31, 17, true, (ap_q_mode)5u, (ap_o_mode)3u, 0>]
C:/Xilinx/Vivado/2017.4/include/etc/ap_fixed_sim.h:2772:1: note: typename ap_fixed_base<_AP_W, _AP_I, _AP_S>::RType<16, 16, false>::minus operator-(short unsigned int, const ap_fixed_base<_AP_W, _AP_I, _AP_S, _AP_Q, _AP_O, _AP_N>&) [with int _AP_W = 24, int _AP_I = 10, bool _AP_S = true, ap_q_mode _AP_Q = (ap_q_mode)5u, ap_o_mode _AP_O = (ap_o_mode)3u, int _AP_N = 0, typename ap_fixed_base<_AP_W, _AP_I, _AP_S>::RType<16, 16, false>::minus = ap_fixed_base<32, 18, true, (ap_q_mode)5u, (ap_o_mode)3u, 0>]
C:/Xilinx/Vivado/2017.4/include/etc/ap_fixed_sim.h:2773:1: note: typename ap_fixed_base<_AP_W, _AP_I, _AP_S>::RType<32, 32, true>::minus operator-(int, const ap_fixed_base<_AP_W, _AP_I, _AP_S, _AP_Q, _AP_O, _AP_N>&) [with int _AP_W = 24, int _AP_I = 10, bool _AP_S = true, ap_q_mode _AP_Q = (ap_q_mode)5u, ap_o_mode _AP_O = (ap_o_mode)3u, int _AP_N = 0, typename ap_fixed_base<_AP_W, _AP_I, _AP_S>::RType<32, 32, true>::minus = ap_fixed_base<47, 33, true, (ap_q_mode)5u, (ap_o_mode)3u, 0>]
C:/Xilinx/Vivado/2017.4/include/etc/ap_fixed_sim.h:2774:1: note: typename ap_fixed_base<_AP_W, _AP_I, _AP_S>::RType<32, 32, false>::minus operator-(unsigned int, const ap_fixed_base<_AP_W, _AP_I, _AP_S, _AP_Q, _AP_O, _AP_N>&) [with int _AP_W = 24, int _AP_I = 10, bool _AP_S = true, ap_q_mode _AP_Q = (ap_q_mode)5u, ap_o_mode _AP_O = (ap_o_mode)3u, int _AP_N = 0, typename ap_fixed_base<_AP_W, _AP_I, _AP_S>::RType<32, 32, false>::minus = ap_fixed_base<48, 34, true, (ap_q_mode)5u, (ap_o_mode)3u, 0>]
C:/Xilinx/Vivado/2017.4/include/etc/ap_fixed_sim.h:2779:1: note: typename ap_fixed_base<_AP_W, _AP_I, _AP_S>::RType<32, 32, true>::minus operator-(long int, const ap_fixed_base<_AP_W, _AP_I, _AP_S, _AP_Q, _AP_O, _AP_N>&) [with int _AP_W = 24, int _AP_I = 10, bool _AP_S = true, ap_q_mode _AP_Q = (ap_q_mode)5u, ap_o_mode _AP_O = (ap_o_mode)3u, int _AP_N = 0, typename ap_fixed_base<_AP_W, _AP_I, _AP_S>::RType<32, 32, true>::minus = ap_fixed_base<47, 33, true, (ap_q_mode)5u, (ap_o_mode)3u, 0>]
C:/Xilinx/Vivado/2017.4/include/etc/ap_fixed_sim.h:2780:1: note: typename ap_fixed_base<_AP_W, _AP_I, _AP_S>::RType<32, 32, false>::minus operator-(long unsigned int, const ap_fixed_base<_AP_W, _AP_I, _AP_S, _AP_Q, _AP_O, _AP_N>&) [with int _AP_W = 24, int _AP_I = 10, bool _AP_S = true, ap_q_mode _AP_Q = (ap_q_mode)5u, ap_o_mode _AP_O = (ap_o_mode)3u, int _AP_N = 0, typename ap_fixed_base<_AP_W, _AP_I, _AP_S>::RType<32, 32, false>::minus = ap_fixed_base<48, 34, true, (ap_q_mode)5u, (ap_o_mode)3u, 0>]
C:/Xilinx/Vivado/2017.4/include/etc/ap_fixed_sim.h:2782:1: note: typename ap_fixed_base<_AP_W, _AP_I, _AP_S>::RType<64, 64, true>::minus operator-(ap_slong, const ap_fixed_base<_AP_W, _AP_I, _AP_S, _AP_Q, _AP_O, _AP_N>&) [with int _AP_W = 24, int _AP_I = 10, bool _AP_S = true, ap_q_mode _AP_Q = (ap_q_mode)5u, ap_o_mode _AP_O = (ap_o_mode)3u, int _AP_N = 0, typename ap_fixed_base<_AP_W, _AP_I, _AP_S>::RType<64, 64, true>::minus = ap_fixed_base<79, 65, true, (ap_q_mode)5u, (ap_o_mode)3u, 0>, ap_slong = long long int]
C:/Xilinx/Vivado/2017.4/include/etc/ap_fixed_sim.h:2783:1: note: typename ap_fixed_base<_AP_W, _AP_I, _AP_S>::RType<64, 64, false>::minus operator-(ap_ulong, const ap_fixed_base<_AP_W, _AP_I, _AP_S, _AP_Q, _AP_O, _AP_N>&) [with int _AP_W = 24, int _AP_I = 10, bool _AP_S = true, ap_q_mode _AP_Q = (ap_q_mode)5u, ap_o_mode _AP_O = (ap_o_mode)3u, int _AP_N = 0, typename ap_fixed_base<_AP_W, _AP_I, _AP_S>::RType<64, 64, false>::minus = ap_fixed_base<80, 66, true, (ap_q_mode)5u, (ap_o_mode)3u, 0>, ap_ulong = long long unsigned int]
../../../src/brl_corr_hls.cpp:80:42: error: ambiguous overload for 'operator-' in '1.0e+0 - dx'
../../../src/brl_corr_hls.cpp:80:42: note: candidates are:
../../../src/brl_corr_hls.cpp:80:42: note: operator-(double, long double) <built-in>
../../../src/brl_corr_hls.cpp:80:42: note: operator-(double, double) <built-in>
../../../src/brl_corr_hls.cpp:80:42: note: operator-(double, float) <built-in>
../../../src/brl_corr_hls.cpp:80:42: note: operator-(double, int) <built-in>
../../../src/brl_corr_hls.cpp:80:42: note: operator-(double, unsigned int) <built-in>
../../../src/brl_corr_hls.cpp:80:42: note: operator-(double, long int) <built-in>
../../../src/brl_corr_hls.cpp:80:42: note: operator-(double, long unsigned int) <built-in>
../../../src/brl_corr_hls.cpp:80:42: note: operator-(double, long long unsigned int) <built-in>
../../../src/brl_corr_hls.cpp:80:42: note: operator-(double, long long int) <built-in>
C:/Xilinx/Vivado/2017.4/include/etc/ap_fixed_sim.h:2767:1: note: typename ap_fixed_base<_AP_W, _AP_I, _AP_S>::RType<1, 1, false>::minus operator-(bool, const ap_fixed_base<_AP_W, _AP_I, _AP_S, _AP_Q, _AP_O, _AP_N>&) [with int _AP_W = 24, int _AP_I = 10, bool _AP_S = true, ap_q_mode _AP_Q = (ap_q_mode)5u, ap_o_mode _AP_O = (ap_o_mode)3u, int _AP_N = 0, typename ap_fixed_base<_AP_W, _AP_I, _AP_S>::RType<1, 1, false>::minus = ap_fixed_base<25, 11, true, (ap_q_mode)5u, (ap_o_mode)3u, 0>]
C:/Xilinx/Vivado/2017.4/include/etc/ap_fixed_sim.h:2768:1: note: typename ap_fixed_base<_AP_W, _AP_I, _AP_S>::RType<8, 8, true>::minus operator-(char, const ap_fixed_base<_AP_W, _AP_I, _AP_S, _AP_Q, _AP_O, _AP_N>&) [with int _AP_W = 24, int _AP_I = 10, bool _AP_S = true, ap_q_mode _AP_Q = (ap_q_mode)5u, ap_o_mode _AP_O = (ap_o_mode)3u, int _AP_N = 0, typename ap_fixed_base<_AP_W, _AP_I, _AP_S>::RType<8, 8, true>::minus = ap_fixed_base<25, 11, true, (ap_q_mode)5u, (ap_o_mode)3u, 0>]
C:/Xilinx/Vivado/2017.4/include/etc/ap_fixed_sim.h:2769:1: note: typename ap_fixed_base<_AP_W, _AP_I, _AP_S>::RType<8, 8, true>::minus operator-(signed char, const ap_fixed_base<_AP_W, _AP_I, _AP_S, _AP_Q, _AP_O, _AP_N>&) [with int _AP_W = 24, int _AP_I = 10, bool _AP_S = true, ap_q_mode _AP_Q = (ap_q_mode)5u, ap_o_mode _AP_O = (ap_o_mode)3u, int _AP_N = 0, typename ap_fixed_base<_AP_W, _AP_I, _AP_S>::RType<8, 8, true>::minus = ap_fixed_base<25, 11, true, (ap_q_mode)5u, (ap_o_mode)3u, 0>]
C:/Xilinx/Vivado/2017.4/include/etc/ap_fixed_sim.h:2770:1: note: typename ap_fixed_base<_AP_W, _AP_I, _AP_S>::RType<8, 8, false>::minus operator-(unsigned char, const ap_fixed_base<_AP_W, _AP_I, _AP_S, _AP_Q, _AP_O, _AP_N>&) [with int _AP_W = 24, int _AP_I = 10, bool _AP_S = true, ap_q_mode _AP_Q = (ap_q_mode)5u, ap_o_mode _AP_O = (ap_o_mode)3u, int _AP_N = 0, typename ap_fixed_base<_AP_W, _AP_I, _AP_S>::RType<8, 8, false>::minus = ap_fixed_base<25, 11, true, (ap_q_mode)5u, (ap_o_mode)3u, 0>]
C:/Xilinx/Vivado/2017.4/include/etc/ap_fixed_sim.h:2771:1: note: typename ap_fixed_base<_AP_W, _AP_I, _AP_S>::RType<16, 16, true>::minus operator-(short int, const ap_fixed_base<_AP_W, _AP_I, _AP_S, _AP_Q, _AP_O, _AP_N>&) [with int _AP_W = 24, int _AP_I = 10, bool _AP_S = true, ap_q_mode _AP_Q = (ap_q_mode)5u, ap_o_mode _AP_O = (ap_o_mode)3u, int _AP_N = 0, typename ap_fixed_base<_AP_W, _AP_I, _AP_S>::RType<16, 16, true>::minus = ap_fixed_base<31, 17, true, (ap_q_mode)5u, (ap_o_mode)3u, 0>]
C:/Xilinx/Vivado/2017.4/include/etc/ap_fixed_sim.h:2772:1: note: typename ap_fixed_base<_AP_W, _AP_I, _AP_S>::RType<16, 16, false>::minus operator-(short unsigned int, const ap_fixed_base<_AP_W, _AP_I, _AP_S, _AP_Q, _AP_O, _AP_N>&) [with int _AP_W = 24, int _AP_I = 10, bool _AP_S = true, ap_q_mode _AP_Q = (ap_q_mode)5u, ap_o_mode _AP_O = (ap_o_mode)3u, int _AP_N = 0, typename ap_fixed_base<_AP_W, _AP_I, _AP_S>::RType<16, 16, false>::minus = ap_fixed_base<32, 18, true, (ap_q_mode)5u, (ap_o_mode)3u, 0>]
C:/Xilinx/Vivado/2017.4/include/etc/ap_fixed_sim.h:2773:1: note: typename ap_fixed_base<_AP_W, _AP_I, _AP_S>::RType<32, 32, true>::minus operator-(int, const ap_fixed_base<_AP_W, _AP_I, _AP_S, _AP_Q, _AP_O, _AP_N>&) [with int _AP_W = 24, int _AP_I = 10, bool _AP_S = true, ap_q_mode _AP_Q = (ap_q_mode)5u, ap_o_mode _AP_O = (ap_o_mode)3u, int _AP_N = 0, typename ap_fixed_base<_AP_W, _AP_I, _AP_S>::RType<32, 32, true>::minus = ap_fixed_base<47, 33, true, (ap_q_mode)5u, (ap_o_mode)3u, 0>]
C:/Xilinx/Vivado/2017.4/include/etc/ap_fixed_sim.h:2774:1: note: typename ap_fixed_base<_AP_W, _AP_I, _AP_S>::RType<32, 32, false>::minus operator-(unsigned int, const ap_fixed_base<_AP_W, _AP_I, _AP_S, _AP_Q, _AP_O, _AP_N>&) [with int _AP_W = 24, int _AP_I = 10, bool _AP_S = true, ap_q_mode _AP_Q = (ap_q_mode)5u, ap_o_mode _AP_O = (ap_o_mode)3u, int _AP_N = 0, typename ap_fixed_base<_AP_W, _AP_I, _AP_S>::RType<32, 32, false>::minus = ap_fixed_base<48, 34, true, (ap_q_mode)5u, (ap_o_mode)3u, 0>]
C:/Xilinx/Vivado/2017.4/include/etc/ap_fixed_sim.h:2779:1: note: typename ap_fixed_base<_AP_W, _AP_I, _AP_S>::RType<32, 32, true>::minus operator-(long int, const ap_fixed_base<_AP_W, _AP_I, _AP_S, _AP_Q, _AP_O, _AP_N>&) [with int _AP_W = 24, int _AP_I = 10, bool _AP_S = true, ap_q_mode _AP_Q = (ap_q_mode)5u, ap_o_mode _AP_O = (ap_o_mode)3u, int _AP_N = 0, typename ap_fixed_base<_AP_W, _AP_I, _AP_S>::RType<32, 32, true>::minus = ap_fixed_base<47, 33, true, (ap_q_mode)5u, (ap_o_mode)3u, 0>]
C:/Xilinx/Vivado/2017.4/include/etc/ap_fixed_sim.h:2780:1: note: typename ap_fixed_base<_AP_W, _AP_I, _AP_S>::RType<32, 32, false>::minus operator-(long unsigned int, const ap_fixed_base<_AP_W, _AP_I, _AP_S, _AP_Q, _AP_O, _AP_N>&) [with int _AP_W = 24, int _AP_I = 10, bool _AP_S = true, ap_q_mode _AP_Q = (ap_q_mode)5u, ap_o_mode _AP_O = (ap_o_mode)3u, int _AP_N = 0, typename ap_fixed_base<_AP_W, _AP_I, _AP_S>::RType<32, 32, false>::minus = ap_fixed_base<48, 34, true, (ap_q_mode)5u, (ap_o_mode)3u, 0>]
C:/Xilinx/Vivado/2017.4/include/etc/ap_fixed_sim.h:2782:1: note: typename ap_fixed_base<_AP_W, _AP_I, _AP_S>::RType<64, 64, true>::minus operator-(ap_slong, const ap_fixed_base<_AP_W, _AP_I, _AP_S, _AP_Q, _AP_O, _AP_N>&) [with int _AP_W = 24, int _AP_I = 10, bool _AP_S = true, ap_q_mode _AP_Q = (ap_q_mode)5u, ap_o_mode _AP_O = (ap_o_mode)3u, int _AP_N = 0, typename ap_fixed_base<_AP_W, _AP_I, _AP_S>::RType<64, 64, true>::minus = ap_fixed_base<79, 65, true, (ap_q_mode)5u, (ap_o_mode)3u, 0>, ap_slong = long long int]
C:/Xilinx/Vivado/2017.4/include/etc/ap_fixed_sim.h:2783:1: note: typename ap_fixed_base<_AP_W, _AP_I, _AP_S>::RType<64, 64, false>::minus operator-(ap_ulong, const ap_fixed_base<_AP_W, _AP_I, _AP_S, _AP_Q, _AP_O, _AP_N>&) [with int _AP_W = 24, int _AP_I = 10, bool _AP_S = true, ap_q_mode _AP_Q = (ap_q_mode)5u, ap_o_mode _AP_O = (ap_o_mode)3u, int _AP_N = 0, typename ap_fixed_base<_AP_W, _AP_I, _AP_S>::RType<64, 64, false>::minus = ap_fixed_base<80, 66, true, (ap_q_mode)5u, (ap_o_mode)3u, 0>, ap_ulong = long long unsigned int]
make: *** [obj/brl_corr_hls.o] Error 1
CRITICAL WARNING: [SIM 100] 'csim_design' failed: compilation error(s).
INFO: [SIM 3] *************** CSIM finish ***************
