INFO: Applying HLS Y2K22 patch v1.2 for IP revision
INFO: [HLS 200-10] Running 'C:/Xilinx/Vivado/2017.4/bin/unwrapped/win64.o/vivado_hls.exe'
INFO: [HLS 200-10] For user 'usr' on host 'desktop-oik79p6' (Windows NT_amd64 version 6.2) on Tue Jun 10 14:23:11 +0200 2025
INFO: [HLS 200-10] In directory 'D:/work/vivado/pynq/barrel_distortion_correction/hls'
INFO: [HLS 200-10] Opening project 'D:/work/vivado/pynq/barrel_distortion_correction/hls/brl_corr'.
INFO: [HLS 200-10] Opening solution 'D:/work/vivado/pynq/barrel_distortion_correction/hls/brl_corr/sln1'.
INFO: [SYN 201-201] Setting up clock 'default' with a period of 8.334ns.
INFO: [HLS 200-10] Setting target device to 'xc7z020clg400-1'
INFO: [SIM 211-2] *************** CSIM start ***************
INFO: [SIM 211-4] CSIM will launch GCC as the compiler.
   Compiling ../../../../src/brl_corr_hls.cpp in debug mode
   Generating csim.exe
In file included from C:/Xilinx/Vivado/2017.4/include/floating_point_v7_0_bitacc_cmodel.h:143:0,
                 from C:/Xilinx/Vivado/2017.4/include/hls_fpo.h:172,
                 from C:/Xilinx/Vivado/2017.4/include/hls_half.h:57,
                 from C:/Xilinx/Vivado/2017.4/include/ap_int.h:74,
                 from ../../../../src/brl_corr_hls.cpp:2:
C:/Xilinx/Vivado/2017.4/include/gmp.h:62:0: warning: "__GMP_LIBGMP_DLL" redefined [enabled by default]
C:/Xilinx/Vivado/2017.4/include/floating_point_v7_0_bitacc_cmodel.h:135:0: note: this is the location of the previous definition
@E Simulation failed.
ERROR: [SIM 211-100] CSim failed with errors.
INFO: [SIM 211-3] *************** CSIM finish ***************
4
    while executing
"source D:/work/vivado/pynq/barrel_distortion_correction/hls/brl_corr/sln1/csim.tcl"
    invoked from within
"hls::main D:/work/vivado/pynq/barrel_distortion_correction/hls/brl_corr/sln1/csim.tcl"
    ("uplevel" body line 1)
    invoked from within
"uplevel 1 hls::main {*}$args"
    (procedure "hls_proc" line 5)
    invoked from within
"hls_proc $argv"
