INFO: [HLS 200-0] Workspace D:/work/vivado/pynq/barrel_distortion_correction/hls_brl_corr1/hls_brl_corr1/sln1 opened at Thu Jun 26 16:06:19 +0200 2025
Command   open_solution returned 0; 0.015 sec.
Execute   add_files src/brl_corr_hls.cpp 
INFO: [HLS 200-10] Adding design file 'src/brl_corr_hls.cpp' to the project
Execute     is_xip src/brl_corr_hls.cpp 
Command     is_xip returned 0; 0 sec.
Command   add_files returned 0; 0.003 sec.
Execute   add_files -tb src/brl_corr_hls_tb.cpp 
INFO: [HLS 200-10] Adding test bench file 'src/brl_corr_hls_tb.cpp' to the project
Command   add_files returned 0; 0.006 sec.
Execute   add_files src/brl_corr_hls.h 
INFO: [HLS 200-10] Adding design file 'src/brl_corr_hls.h' to the project
Command   add_files returned 0; 0.004 sec.
Execute   set_top barrel_correction_simple 
Command   set_top returned 0; 0.002 sec.
Execute   csim_design 
INFO: [SIM 211-2] *************** CSIM start ***************
INFO: [SIM 211-4] CSIM will launch GCC as the compiler.
INFO: [SIM 211-7] User does not set_part, FPO V7 c-model will be used by default.
Execute     is_encrypted D:/work/vivado/pynq/barrel_distortion_correction/hls_brl_corr1/src/brl_corr_hls_tb.cpp 
Command     is_encrypted returned 0; 0 sec.
Execute     is_xip D:/work/vivado/pynq/barrel_distortion_correction/hls_brl_corr1/src/brl_corr_hls_tb.cpp 
Command     is_xip returned 0; 0 sec.
Execute     is_encrypted D:/work/vivado/pynq/barrel_distortion_correction/hls_brl_corr1/src/brl_corr_hls.h 
Command     is_encrypted returned 0; 0 sec.
Execute     is_xip D:/work/vivado/pynq/barrel_distortion_correction/hls_brl_corr1/src/brl_corr_hls.h 
Command     is_xip returned 0; 0 sec.
Execute     is_encrypted D:/work/vivado/pynq/barrel_distortion_correction/hls_brl_corr1/src/brl_corr_hls.cpp 
Command     is_encrypted returned 0; 0 sec.
Execute     is_xip D:/work/vivado/pynq/barrel_distortion_correction/hls_brl_corr1/src/brl_corr_hls.cpp 
Command     is_xip returned 0; 0 sec.
Execute     get_default_platform 
Command     get_default_platform returned 0; 0.001 sec.
Execute     source run_sim.tcl 
@E Simulation failed: Function 'main' returns nonzero value '1'.
Command     ap_source returned 1; 0.223 sec.
ERROR: [SIM 211-100] 'csim_design' failed: nonzero return value.
INFO: [SIM 211-3] *************** CSIM finish ***************
Command   csim_design returned 2; 22.693 sec.
Command ap_source returned 1; 22.728 sec.
4
    while executing
"source D:/work/vivado/pynq/barrel_distortion_correction/hls_brl_corr1/run_csim.tcl"
    invoked from within
"hls::main D:/work/vivado/pynq/barrel_distortion_correction/hls_brl_corr1/run_csim.tcl"
    ("uplevel" body line 1)
    invoked from within
"uplevel 1 hls::main {*}$args"
    (procedure "hls_proc" line 5)
    invoked from within
"hls_proc $argv"
Execute cleanup_all 
Command cleanup_all returned 0; 0 sec.
