#-----------------------------------------------------------
# xsim v2017.4 (64-bit)
# SW Build 2086221 on Fri Dec 15 20:55:39 MST 2017
# IP Build 2085800 on Fri Dec 15 22:25:07 MST 2017
# Start of session at: Sun Jun  8 16:29:12 2025
# Process ID: 31644
# Current directory: D:/work/vivado/pynq/barrel_distortion_correction/vivado/hdmi_barrel_distortion_correction.sim/sim_1/behav/xsim
# Command line: xsim.exe -mode tcl -source {xsim.dir/tb_barrel_distortion_correction_behav/xsim_script.tcl}
# Log file: D:/work/vivado/pynq/barrel_distortion_correction/vivado/hdmi_barrel_distortion_correction.sim/sim_1/behav/xsim/xsim.log
# Journal file: D:/work/vivado/pynq/barrel_distortion_correction/vivado/hdmi_barrel_distortion_correction.sim/sim_1/behav/xsim\xsim.jou
#-----------------------------------------------------------
source xsim.dir/tb_barrel_distortion_correction_behav/xsim_script.tcl
# xsim {tb_barrel_distortion_correction_behav} -autoloadwcfg -runall
Vivado Simulator 2017.4
Time resolution is 1 ps
open_wave_config {D:\work\vivado\pynq\barrel_distortion_correction\vivado\hdmi_barrel_distortion_correction.sim\sim_1\behav\xsim\tb_barrel_distortion_correction_behav.wcfg}
WARNING: Simulation object /tb_barrel_distortion_correction/dut/line_buffer was not traceable in the design for the following reason:
The number of elements in the requested object is 307200, which exceeds the maximum traceable size of 65536 elements.
The maximum can be changed with "set_property trace_limit <number of elements> [current_sim]" Tcl command.
run -all
DISTORTION_K1 value: e0
Starting passthrough test with image input...
Input resolution: 128x100
Reading from: ../../../../src/tb/sim_out/img_128x100_in.txt
Writing to: ../../../../src/tb/sim_out/img_128x100_out.txt
Sent        1000 pixels
Sent        2000 pixels
Sent        3000 pixels
Sent        4000 pixels
Sent        5000 pixels
Sent        6000 pixels
Sent        7000 pixels
Sent        8000 pixels
Sent        9000 pixels
Sent       10000 pixels
Sent       11000 pixels
Sent       12000 pixels
Input frame sent successfully
Start of output frame detected
End of output frame detected
Output frame received successfully
Simulation complete. Raw output saved to ../../../../src/tb/sim_out/img_128x100_out.txt
$finish called at time : 512175 ns : File "D:/work/vivado/pynq/barrel_distortion_correction/vivado/src/tb/barrel_distortion_correction_tb.v" Line 149
exit
INFO: [Common 17-206] Exiting xsim at Sun Jun  8 16:29:16 2025...
